<?xml version="1.0" encoding="UTF-8"?>
<testsuite xmlns:xsi="http://www.w3.org/2001/XMLSchema-instance" xsi:noNamespaceSchemaLocation="https://maven.apache.org/surefire/maven-surefire-plugin/xsd/surefire-test-report.xsd" name="ru.otus.spring.library.dao.LookupValueDaoJdbcTest" time="0.272" tests="4" errors="0" skipped="0" failures="0">
  <properties>
[...]
</properties>
  <testcase name="getAll" classname="ru.otus.spring.library.dao.LookupValueDaoJdbcTest" time="0"/>
  <testcase name="insert" classname="ru.otus.spring.library.dao.LookupValueDaoJdbcTest" time="0"/>
  <testcase name="deleteByLookupCode" classname="ru.otus.spring.library.dao.LookupValueDaoJdbcTest" time="0"/>
  <testcase name="getByLookupCode" classname="ru.otus.spring.library.dao.LookupValueDaoJdbcTest" time="0"/>
</testsuite>